Using pre-set license
Built from '2020.3/staging' branch; Version is '2020.3.25f1 (9b9180224418) revision 10195328'; Using compiler version '192528614'; Build Type 'Release'
OS: 'Windows 11  (10.0.22000) 64bit CoreSingleLanguage' Language: 'en' Physical Memory: 7599 MB
BatchMode: 1, IsHumanControllingUs: 0, StartBugReporterOnCrash: 0, Is64bit: 1, IsPro: 0

COMMAND LINE ARGUMENTS:
C:\Program Files\Unity\Hub\Editor\2020.3.25f1\Editor\Unity.exe
-adb2
-batchMode
-noUpm
-name
AssetImportWorker0
-projectPath
C:/Unity/GitLab/Harmonia Project
-logFile
Logs/AssetImportWorker0.log
-srvPort
54468
Successfully changed project path to: C:/Unity/GitLab/Harmonia Project
C:/Unity/GitLab/Harmonia Project
Using Asset Import Pipeline V2.
Refreshing native plugins compatible for Editor in 41.78 ms, found 2 plugins.
Preloading 0 native plugins for Editor in 0.00 ms.
Initialize engine version: 2020.3.25f1 (9b9180224418)
[Subsystems] Discovering subsystems at path C:/Program Files/Unity/Hub/Editor/2020.3.25f1/Editor/Data/Resources/UnitySubsystems
[Subsystems] Discovering subsystems at path C:/Unity/GitLab/Harmonia Project/Assets
GfxDevice: creating device client; threaded=0
Direct3D:
    Version:  Direct3D 11.0 [level 11.1]
    Renderer: NVIDIA GeForce GTX 1650 (ID=0x1f99)
    Vendor:   
    VRAM:     3962 MB
    Driver:   30.0.14.9649
Initialize mono
Mono path[0] = 'C:/Program Files/Unity/Hub/Editor/2020.3.25f1/Editor/Data/Managed'
Mono path[1] = 'C:/Program Files/Unity/Hub/Editor/2020.3.25f1/Editor/Data/MonoBleedingEdge/lib/mono/unityjit'
Mono config path = 'C:/Program Files/Unity/Hub/Editor/2020.3.25f1/Editor/Data/MonoBleedingEdge/etc'
Using monoOptions --debugger-agent=transport=dt_socket,embedding=1,server=y,suspend=n,address=127.0.0.1:56300
Begin MonoManager ReloadAssembly
Registering precompiled unity dll's ...
Register platform support module: C:/Program Files/Unity/Hub/Editor/2020.3.25f1/Editor/Data/PlaybackEngines/WebGLSupport/UnityEditor.WebGL.Extensions.dll
Register platform support module: C:/Program Files/Unity/Hub/Editor/2020.3.25f1/Editor/Data/PlaybackEngines/WindowsStandaloneSupport/UnityEditor.WindowsStandalone.Extensions.dll
Registered in 0.001455 seconds.
Native extension for WindowsStandalone target not found
Native extension for WebGL target not found
Refreshing native plugins compatible for Editor in 35.96 ms, found 2 plugins.
Preloading 0 native plugins for Editor in 0.00 ms.
Mono: successfully reloaded assembly
- Completed reload, in  0.574 seconds
Domain Reload Profiling:
	ReloadAssembly (574ms)
		BeginReloadAssembly (67ms)
			ExecutionOrderSort (0ms)
			DisableScriptedObjects (0ms)
			BackupInstance (0ms)
			ReleaseScriptingObjects (0ms)
			CreateAndSetChildDomain (1ms)
		EndReloadAssembly (432ms)
			LoadAssemblies (65ms)
			RebuildTransferFunctionScriptingTraits (0ms)
			SetupTypeCache (160ms)
			ReleaseScriptCaches (0ms)
			RebuildScriptCaches (26ms)
			SetupLoadedEditorAssemblies (154ms)
				LogAssemblyErrors (0ms)
				InitializePlatformSupportModulesInManaged (5ms)
				SetLoadedEditorAssemblies (0ms)
				RefreshPlugins (36ms)
				BeforeProcessingInitializeOnLoad (14ms)
				ProcessInitializeOnLoadAttributes (74ms)
				ProcessInitializeOnLoadMethodAttributes (25ms)
				AfterProcessingInitializeOnLoad (0ms)
				EditorAssembliesLoaded (0ms)
			ExecutionOrderSort2 (0ms)
			AwakeInstancesAfterBackupRestoration (0ms)
Platform modules already initialized, skipping
Registering precompiled user dll's ...
Registered in 0.004678 seconds.
Begin MonoManager ReloadAssembly
Native extension for WindowsStandalone target not found
Native extension for WebGL target not found
Refreshing native plugins compatible for Editor in 0.43 ms, found 2 plugins.
Preloading 0 native plugins for Editor in 0.00 ms.
Mono: successfully reloaded assembly
- Completed reload, in  0.931 seconds
Domain Reload Profiling:
	ReloadAssembly (931ms)
		BeginReloadAssembly (128ms)
			ExecutionOrderSort (0ms)
			DisableScriptedObjects (4ms)
			BackupInstance (0ms)
			ReleaseScriptingObjects (0ms)
			CreateAndSetChildDomain (18ms)
		EndReloadAssembly (749ms)
			LoadAssemblies (78ms)
			RebuildTransferFunctionScriptingTraits (0ms)
			SetupTypeCache (271ms)
			ReleaseScriptCaches (0ms)
			RebuildScriptCaches (43ms)
			SetupLoadedEditorAssemblies (278ms)
				LogAssemblyErrors (0ms)
				InitializePlatformSupportModulesInManaged (4ms)
				SetLoadedEditorAssemblies (0ms)
				RefreshPlugins (0ms)
				BeforeProcessingInitializeOnLoad (72ms)
				ProcessInitializeOnLoadAttributes (189ms)
				ProcessInitializeOnLoadMethodAttributes (7ms)
				AfterProcessingInitializeOnLoad (4ms)
				EditorAssembliesLoaded (0ms)
			ExecutionOrderSort2 (0ms)
			AwakeInstancesAfterBackupRestoration (5ms)
Platform modules already initialized, skipping
========================================================================
Worker process is ready to serve import requests
Launched and connected shader compiler UnityShaderCompiler.exe after 0.06 seconds
Refreshing native plugins compatible for Editor in 0.93 ms, found 2 plugins.
Preloading 0 native plugins for Editor in 0.00 ms.
Unloading 2017 Unused Serialized files (Serialized files now loaded: 0)
System memory in use before: 89.2 MB.
System memory in use after: 89.2 MB.

Unloading 20 unused Assets to reduce memory usage. Loaded Objects now: 2454.
Total: 5.631300 ms (FindLiveObjects: 0.476500 ms CreateObjectMapping: 0.066200 ms MarkObjects: 4.833400 ms  DeleteObjects: 0.249900 ms)

AssetImportParameters requested are different than current active one (requested -> active):
  custom:framework-win-MediaFoundation: 216162199b28c13a410421893ffa2e32 -> 
  custom:video-decoder-ogg-theora: a1e56fd34408186e4bbccfd4996cb3dc -> 
  custom:container-muxer-webm: aa71ff27fc2769a1b78a27578f13a17b -> 
  custom:container-demuxer-webm: 4f35f7cbe854078d1ac9338744f61a02 -> 
  custom:container-demuxer-ogg: 62fdf1f143b41e24485cea50d1cbac27 -> 
  custom:video-encoder-webm-vp8: eb34c28f22e8b96e1ab97ce403110664 -> 
  custom:video-decoder-webm-vp8: 9c59270c3fd7afecdb556c50c9e8de78 -> 
  custom:audio-decoder-ogg-vorbis: bf7c407c2cedff20999df2af8eb42d56 -> 
  custom:audio-encoder-webm-vorbis: bf7c407c2cedff20999df2af8eb42d56 -> 
========================================================================
Received Import Request.
  path: Assets/c3ca40c381b9a3f68b1c6570fbd2adf4.jpg
  artifactKey: Guid(de84a711f6f1ada488ff91ab6509b0b5) Importer(815301076,1909f56bfc062723c751e8b465ee728b)
Start importing Assets/c3ca40c381b9a3f68b1c6570fbd2adf4.jpg using Guid(de84a711f6f1ada488ff91ab6509b0b5) Importer(815301076,1909f56bfc062723c751e8b465ee728b)  -> (artifact id: 'c95950875b118ec99983052520b8d099') in 0.114188 seconds 
  Import took 0.118191 seconds .

========================================================================
Received Import Request.
  Time since last request: 130.539632 seconds.
  path: Assets/Materials/New Material 1.mat
  artifactKey: Guid(d779eaa2ca6d4944197922bd7e4677b3) Importer(815301076,1909f56bfc062723c751e8b465ee728b)
Start importing Assets/Materials/New Material 1.mat using Guid(d779eaa2ca6d4944197922bd7e4677b3) Importer(815301076,1909f56bfc062723c751e8b465ee728b)  -> (artifact id: '02475825bca8d733785a0088cee2f1a0') in 0.071189 seconds 
  Import took 0.075022 seconds .

========================================================================
Received Import Request.
  Time since last request: 0.000375 seconds.
  path: Assets/Materials/New Material 2.mat
  artifactKey: Guid(99153354583818e498f192c767eea749) Importer(815301076,1909f56bfc062723c751e8b465ee728b)
Start importing Assets/Materials/New Material 2.mat using Guid(99153354583818e498f192c767eea749) Importer(815301076,1909f56bfc062723c751e8b465ee728b)  -> (artifact id: 'c71abdc9d8f3da05e04ed65be074a414') in 0.015008 seconds 
  Import took 0.018682 seconds .

========================================================================
Received Import Request.
  Time since last request: 0.000334 seconds.
  path: Assets/Materials/New Material.mat
  artifactKey: Guid(1537714142989eb40b20b91f668c3bf0) Importer(815301076,1909f56bfc062723c751e8b465ee728b)
Start importing Assets/Materials/New Material.mat using Guid(1537714142989eb40b20b91f668c3bf0) Importer(815301076,1909f56bfc062723c751e8b465ee728b)  -> (artifact id: '33c343680c5701d55ab8c7d87f1d5c27') in 0.021584 seconds 
  Import took 0.027960 seconds .

========================================================================
Received Import Request.
  Time since last request: 0.494143 seconds.
  path: Assets/Prefabs/Food 2 Sample.prefab
  artifactKey: Guid(c9a46e90fd5858c44b39d535200dc58b) Importer(815301076,1909f56bfc062723c751e8b465ee728b)
Start importing Assets/Prefabs/Food 2 Sample.prefab using Guid(c9a46e90fd5858c44b39d535200dc58b) Importer(815301076,1909f56bfc062723c751e8b465ee728b)  -> (artifact id: '566a4c06ba64e41ca7abd1229de28ea0') in 0.034925 seconds 
  Import took 0.038434 seconds .

========================================================================
Received Import Request.
  Time since last request: 0.000214 seconds.
  path: Assets/Prefabs/Food Sample.prefab
  artifactKey: Guid(3eae702ddc6842c43b28cc0d9098e4e1) Importer(815301076,1909f56bfc062723c751e8b465ee728b)
Start importing Assets/Prefabs/Food Sample.prefab using Guid(3eae702ddc6842c43b28cc0d9098e4e1) Importer(815301076,1909f56bfc062723c751e8b465ee728b)  -> (artifact id: 'e5921725167819add55b90ca29e10238') in 0.017528 seconds 
  Import took 0.020875 seconds .

========================================================================
Received Import Request.
  Time since last request: 5.404436 seconds.
  path: Assets/Asset Material/Glass.mat
  artifactKey: Guid(0f6a45c735405e3439b3b4a0f8e6ffc4) Importer(815301076,1909f56bfc062723c751e8b465ee728b)
Start importing Assets/Asset Material/Glass.mat using Guid(0f6a45c735405e3439b3b4a0f8e6ffc4) Importer(815301076,1909f56bfc062723c751e8b465ee728b)  -> (artifact id: 'e4056cb9d9dbf6d972f49c58af29c4a0') in 0.015423 seconds 
  Import took 0.019122 seconds .

========================================================================
Received Import Request.
  Time since last request: 0.000262 seconds.
  path: Assets/Asset Material/New Material.mat
  artifactKey: Guid(6ccaf595b2bd21a41ba58e5a93359504) Importer(815301076,1909f56bfc062723c751e8b465ee728b)
Start importing Assets/Asset Material/New Material.mat using Guid(6ccaf595b2bd21a41ba58e5a93359504) Importer(815301076,1909f56bfc062723c751e8b465ee728b)  -> (artifact id: 'fe69414c5b58a26a83db232f30e48293') in 0.013985 seconds 
  Import took 0.018205 seconds .

========================================================================
Received Import Request.
  Time since last request: 0.000612 seconds.
  path: Assets/Asset Material/New Material 7.mat
  artifactKey: Guid(82a04b7e66d41f34386d237e9cabcc17) Importer(815301076,1909f56bfc062723c751e8b465ee728b)
Start importing Assets/Asset Material/New Material 7.mat using Guid(82a04b7e66d41f34386d237e9cabcc17) Importer(815301076,1909f56bfc062723c751e8b465ee728b)  -> (artifact id: '0d7d2b117a27832ff1107dd04f622eef') in 0.018489 seconds 
  Import took 0.023002 seconds .

========================================================================
Received Import Request.
  Time since last request: 0.000207 seconds.
  path: Assets/Asset Material/New Material 3.mat
  artifactKey: Guid(fc9deb4f959cfa646851ed4fe4d3cae3) Importer(815301076,1909f56bfc062723c751e8b465ee728b)
Start importing Assets/Asset Material/New Material 3.mat using Guid(fc9deb4f959cfa646851ed4fe4d3cae3) Importer(815301076,1909f56bfc062723c751e8b465ee728b)  -> (artifact id: '57a0376284f9c6700210c7a2d5d6a102') in 0.017438 seconds 
  Import took 0.021815 seconds .

========================================================================
Received Import Request.
  Time since last request: 0.000263 seconds.
  path: Assets/Asset Material/New Material 4.mat
  artifactKey: Guid(597ee64fae467b84a8f1d0b2438d5088) Importer(815301076,1909f56bfc062723c751e8b465ee728b)
Start importing Assets/Asset Material/New Material 4.mat using Guid(597ee64fae467b84a8f1d0b2438d5088) Importer(815301076,1909f56bfc062723c751e8b465ee728b)  -> (artifact id: '53554d5025ebde2a985d49578d409316') in 0.015523 seconds 
  Import took 0.019607 seconds .

========================================================================
Received Import Request.
  Time since last request: 0.000181 seconds.
  path: Assets/Asset Material/New Material 5.mat
  artifactKey: Guid(54fcf53ee3aad0344875dbc5f92f919e) Importer(815301076,1909f56bfc062723c751e8b465ee728b)
Start importing Assets/Asset Material/New Material 5.mat using Guid(54fcf53ee3aad0344875dbc5f92f919e) Importer(815301076,1909f56bfc062723c751e8b465ee728b)  -> (artifact id: 'b2e38412e0d1c7761e24b0ea76f8ddf0') in 0.015738 seconds 
  Import took 0.020153 seconds .

========================================================================
Received Import Request.
  Time since last request: 0.000543 seconds.
  path: Assets/Asset Material/New Material 6.mat
  artifactKey: Guid(58468c4b6fedbc447b35547f8e806dc9) Importer(815301076,1909f56bfc062723c751e8b465ee728b)
Start importing Assets/Asset Material/New Material 6.mat using Guid(58468c4b6fedbc447b35547f8e806dc9) Importer(815301076,1909f56bfc062723c751e8b465ee728b)  -> (artifact id: 'a71f53075ad3941d93bad46ebd7e2a2f') in 0.021146 seconds 
  Import took 0.026249 seconds .

========================================================================
Received Import Request.
  Time since last request: 0.000224 seconds.
  path: Assets/Asset Material/New Material 1.mat
  artifactKey: Guid(aec02ddfe6a573e4896fdff9813fa824) Importer(815301076,1909f56bfc062723c751e8b465ee728b)
Start importing Assets/Asset Material/New Material 1.mat using Guid(aec02ddfe6a573e4896fdff9813fa824) Importer(815301076,1909f56bfc062723c751e8b465ee728b)  -> (artifact id: 'd15744bd2dc19ad6e6c58cbdcfcd1368') in 0.016289 seconds 
  Import took 0.019949 seconds .

========================================================================
Received Import Request.
  Time since last request: 0.000273 seconds.
  path: Assets/Asset Material/New Material 2.mat
  artifactKey: Guid(0c7d7ce5e8849d04b9e5271e44305121) Importer(815301076,1909f56bfc062723c751e8b465ee728b)
Start importing Assets/Asset Material/New Material 2.mat using Guid(0c7d7ce5e8849d04b9e5271e44305121) Importer(815301076,1909f56bfc062723c751e8b465ee728b)  -> (artifact id: 'b32cc11b8ddad55b755a907afbde8edb') in 0.018662 seconds 
  Import took 0.023107 seconds .

========================================================================
Received Import Request.
  Time since last request: 6.529923 seconds.
  path: Assets/Scenes/Test field.unity
  artifactKey: Guid(4a50a1866cca36a4e9587f09f3873f67) Importer(815301076,1909f56bfc062723c751e8b465ee728b)
Start importing Assets/Scenes/Test field.unity using Guid(4a50a1866cca36a4e9587f09f3873f67) Importer(815301076,1909f56bfc062723c751e8b465ee728b)  -> (artifact id: '49778b1adcfd223042b42cc30dec43ce') in 0.008498 seconds 
  Import took 0.012150 seconds .

========================================================================
Received Import Request.
  Time since last request: 73.958006 seconds.
  path: Assets/Scenes
  artifactKey: Guid(4676a93e771c6ea418d1c3a37864783d) Importer(815301076,1909f56bfc062723c751e8b465ee728b)
Start importing Assets/Scenes using Guid(4676a93e771c6ea418d1c3a37864783d) Importer(815301076,1909f56bfc062723c751e8b465ee728b)  -> (artifact id: 'f66c25f14c298de106cf1bf8cf90b878') in 0.008667 seconds 
  Import took 0.012636 seconds .

========================================================================
Received Import Request.
  Time since last request: 0.330215 seconds.
  path: Assets/Scripts
  artifactKey: Guid(ee806cd67dc2b79478598fb57e28377c) Importer(815301076,1909f56bfc062723c751e8b465ee728b)
Start importing Assets/Scripts using Guid(ee806cd67dc2b79478598fb57e28377c) Importer(815301076,1909f56bfc062723c751e8b465ee728b)  -> (artifact id: 'b33cbc2fc25a8f352b9cfea10f5476ea') in 0.010344 seconds 
  Import took 0.014617 seconds .

========================================================================
Received Import Request.
  Time since last request: 0.949432 seconds.
  path: Assets/Scripts/AltPool.cs
  artifactKey: Guid(17a720c83aa524044b51b590216f2a7d) Importer(815301076,1909f56bfc062723c751e8b465ee728b)
Start importing Assets/Scripts/AltPool.cs using Guid(17a720c83aa524044b51b590216f2a7d) Importer(815301076,1909f56bfc062723c751e8b465ee728b)  -> (artifact id: '2b1e7a50ebe8641f6bd9eb55b1a65875') in 0.019713 seconds 
  Import took 0.023515 seconds .

========================================================================
Received Import Request.
  Time since last request: 0.435505 seconds.
  path: Assets/Scripts/ObjectTimer.cs
  artifactKey: Guid(71144c5a76c59ed428cfeed90ba4afa8) Importer(815301076,1909f56bfc062723c751e8b465ee728b)
Start importing Assets/Scripts/ObjectTimer.cs using Guid(71144c5a76c59ed428cfeed90ba4afa8) Importer(815301076,1909f56bfc062723c751e8b465ee728b)  -> (artifact id: 'a44066897d73cbee1836ad568a50c330') in 0.009223 seconds 
  Import took 0.013355 seconds .

========================================================================
Received Import Request.
  Time since last request: 0.327736 seconds.
  path: Assets/Scripts/SimpleSpawn.cs
  artifactKey: Guid(50704fc2a7418614a857823447db24d1) Importer(815301076,1909f56bfc062723c751e8b465ee728b)
Start importing Assets/Scripts/SimpleSpawn.cs using Guid(50704fc2a7418614a857823447db24d1) Importer(815301076,1909f56bfc062723c751e8b465ee728b)  -> (artifact id: 'e0d88b78762c646fb3f945d6ac4f15bc') in 0.008841 seconds 
  Import took 0.013413 seconds .

========================================================================
Received Import Request.
  Time since last request: 0.270846 seconds.
  path: Assets/Scripts/SpawnTrigger.cs
  artifactKey: Guid(097a681ada63b814aabf7fe4b913f157) Importer(815301076,1909f56bfc062723c751e8b465ee728b)
Start importing Assets/Scripts/SpawnTrigger.cs using Guid(097a681ada63b814aabf7fe4b913f157) Importer(815301076,1909f56bfc062723c751e8b465ee728b)  -> (artifact id: 'b66b6b6f8b1b7f87bfa9c4b19864b4b6') in 0.009046 seconds 
  Import took 0.013612 seconds .

========================================================================
Received Import Request.
  Time since last request: 1.056554 seconds.
  path: Assets/Scripts/Advanced Pool
  artifactKey: Guid(4bd3811cc1195814f8e0e338f42b4784) Importer(815301076,1909f56bfc062723c751e8b465ee728b)
Start importing Assets/Scripts/Advanced Pool using Guid(4bd3811cc1195814f8e0e338f42b4784) Importer(815301076,1909f56bfc062723c751e8b465ee728b)  -> (artifact id: '592463361ad7e62848afd9ebbfa1a331') in 0.009835 seconds 
  Import took 0.014476 seconds .

========================================================================
Received Import Request.
  Time since last request: 8.920302 seconds.
  path: Assets/Scripts/Character Script
  artifactKey: Guid(117bf91165bbf9d4eac076eb1b5bccf9) Importer(815301076,1909f56bfc062723c751e8b465ee728b)
Start importing Assets/Scripts/Character Script using Guid(117bf91165bbf9d4eac076eb1b5bccf9) Importer(815301076,1909f56bfc062723c751e8b465ee728b)  -> (artifact id: 'c9331f1016f5ffe7ea8207401e87ced7') in 0.010166 seconds 
  Import took 0.014575 seconds .

========================================================================
Received Prepare
Registering precompiled user dll's ...
Registered in 0.002960 seconds.
Begin MonoManager ReloadAssembly
Native extension for WindowsStandalone target not found
Native extension for WebGL target not found
Refreshing native plugins compatible for Editor in 0.45 ms, found 2 plugins.
Preloading 0 native plugins for Editor in 0.00 ms.
Mono: successfully reloaded assembly
- Completed reload, in  0.939 seconds
Domain Reload Profiling:
	ReloadAssembly (939ms)
		BeginReloadAssembly (104ms)
			ExecutionOrderSort (0ms)
			DisableScriptedObjects (3ms)
			BackupInstance (0ms)
			ReleaseScriptingObjects (0ms)
			CreateAndSetChildDomain (34ms)
		EndReloadAssembly (774ms)
			LoadAssemblies (87ms)
			RebuildTransferFunctionScriptingTraits (0ms)
			SetupTypeCache (273ms)
			ReleaseScriptCaches (1ms)
			RebuildScriptCaches (48ms)
			SetupLoadedEditorAssemblies (278ms)
				LogAssemblyErrors (0ms)
				InitializePlatformSupportModulesInManaged (5ms)
				SetLoadedEditorAssemblies (0ms)
				RefreshPlugins (1ms)
				BeforeProcessingInitializeOnLoad (75ms)
				ProcessInitializeOnLoadAttributes (184ms)
				ProcessInitializeOnLoadMethodAttributes (8ms)
				AfterProcessingInitializeOnLoad (4ms)
				EditorAssembliesLoaded (0ms)
			ExecutionOrderSort2 (0ms)
			AwakeInstancesAfterBackupRestoration (6ms)
Platform modules already initialized, skipping
Refreshing native plugins compatible for Editor in 0.46 ms, found 2 plugins.
Preloading 0 native plugins for Editor in 0.00 ms.
Unloading 1990 Unused Serialized files (Serialized files now loaded: 0)
System memory in use before: 90.2 MB.
System memory in use after: 90.3 MB.

Unloading 16 unused Assets to reduce memory usage. Loaded Objects now: 2500.
Total: 3.214600 ms (FindLiveObjects: 0.252200 ms CreateObjectMapping: 0.091100 ms MarkObjects: 2.827200 ms  DeleteObjects: 0.042300 ms)

AssetImportParameters requested are different than current active one (requested -> active):
  custom:framework-win-MediaFoundation: 216162199b28c13a410421893ffa2e32 -> 
  custom:video-decoder-ogg-theora: a1e56fd34408186e4bbccfd4996cb3dc -> 
  custom:container-muxer-webm: aa71ff27fc2769a1b78a27578f13a17b -> 
  custom:container-demuxer-webm: 4f35f7cbe854078d1ac9338744f61a02 -> 
  custom:container-demuxer-ogg: 62fdf1f143b41e24485cea50d1cbac27 -> 
  custom:video-encoder-webm-vp8: eb34c28f22e8b96e1ab97ce403110664 -> 
  custom:video-decoder-webm-vp8: 9c59270c3fd7afecdb556c50c9e8de78 -> 
  custom:audio-decoder-ogg-vorbis: bf7c407c2cedff20999df2af8eb42d56 -> 
  custom:audio-encoder-webm-vorbis: bf7c407c2cedff20999df2af8eb42d56 -> 
========================================================================
Received Import Request.
  Time since last request: 134.454292 seconds.
  path: Assets/Scripts/Character Script/DispencerActivator.cs
  artifactKey: Guid(b0121d3a3a28b8941bdaef0ad9bb1004) Importer(815301076,1909f56bfc062723c751e8b465ee728b)
Start importing Assets/Scripts/Character Script/DispencerActivator.cs using Guid(b0121d3a3a28b8941bdaef0ad9bb1004) Importer(815301076,1909f56bfc062723c751e8b465ee728b)  -> (artifact id: '9aef6cd61277a8524b7b952788d593fb') in 0.011335 seconds 
  Import took 0.014524 seconds .

========================================================================
Received Prepare
Registering precompiled user dll's ...
Registered in 0.002954 seconds.
Begin MonoManager ReloadAssembly
Native extension for WindowsStandalone target not found
Native extension for WebGL target not found
Refreshing native plugins compatible for Editor in 0.43 ms, found 2 plugins.
Preloading 0 native plugins for Editor in 0.00 ms.
Mono: successfully reloaded assembly
- Completed reload, in  0.925 seconds
Domain Reload Profiling:
	ReloadAssembly (925ms)
		BeginReloadAssembly (117ms)
			ExecutionOrderSort (0ms)
			DisableScriptedObjects (3ms)
			BackupInstance (0ms)
			ReleaseScriptingObjects (0ms)
			CreateAndSetChildDomain (37ms)
		EndReloadAssembly (751ms)
			LoadAssemblies (103ms)
			RebuildTransferFunctionScriptingTraits (0ms)
			SetupTypeCache (269ms)
			ReleaseScriptCaches (1ms)
			RebuildScriptCaches (43ms)
			SetupLoadedEditorAssemblies (262ms)
				LogAssemblyErrors (0ms)
				InitializePlatformSupportModulesInManaged (5ms)
				SetLoadedEditorAssemblies (0ms)
				RefreshPlugins (1ms)
				BeforeProcessingInitializeOnLoad (74ms)
				ProcessInitializeOnLoadAttributes (172ms)
				ProcessInitializeOnLoadMethodAttributes (7ms)
				AfterProcessingInitializeOnLoad (4ms)
				EditorAssembliesLoaded (0ms)
			ExecutionOrderSort2 (0ms)
			AwakeInstancesAfterBackupRestoration (5ms)
Platform modules already initialized, skipping
Refreshing native plugins compatible for Editor in 0.50 ms, found 2 plugins.
Preloading 0 native plugins for Editor in 0.00 ms.
Unloading 1989 Unused Serialized files (Serialized files now loaded: 0)
System memory in use before: 90.2 MB.
System memory in use after: 90.3 MB.

Unloading 15 unused Assets to reduce memory usage. Loaded Objects now: 2502.
Total: 3.187400 ms (FindLiveObjects: 0.275800 ms CreateObjectMapping: 0.052100 ms MarkObjects: 2.835000 ms  DeleteObjects: 0.019300 ms)

AssetImportParameters requested are different than current active one (requested -> active):
  custom:framework-win-MediaFoundation: 216162199b28c13a410421893ffa2e32 -> 
  custom:video-decoder-ogg-theora: a1e56fd34408186e4bbccfd4996cb3dc -> 
  custom:container-muxer-webm: aa71ff27fc2769a1b78a27578f13a17b -> 
  custom:container-demuxer-webm: 4f35f7cbe854078d1ac9338744f61a02 -> 
  custom:container-demuxer-ogg: 62fdf1f143b41e24485cea50d1cbac27 -> 
  custom:video-encoder-webm-vp8: eb34c28f22e8b96e1ab97ce403110664 -> 
  custom:video-decoder-webm-vp8: 9c59270c3fd7afecdb556c50c9e8de78 -> 
  custom:audio-decoder-ogg-vorbis: bf7c407c2cedff20999df2af8eb42d56 -> 
  custom:audio-encoder-webm-vorbis: bf7c407c2cedff20999df2af8eb42d56 -> 
========================================================================
Received Prepare
Registering precompiled user dll's ...
Registered in 0.002883 seconds.
Begin MonoManager ReloadAssembly
Native extension for WindowsStandalone target not found
Native extension for WebGL target not found
Refreshing native plugins compatible for Editor in 0.44 ms, found 2 plugins.
Preloading 0 native plugins for Editor in 0.00 ms.
Mono: successfully reloaded assembly
- Completed reload, in  0.919 seconds
Domain Reload Profiling:
	ReloadAssembly (919ms)
		BeginReloadAssembly (121ms)
			ExecutionOrderSort (0ms)
			DisableScriptedObjects (4ms)
			BackupInstance (0ms)
			ReleaseScriptingObjects (0ms)
			CreateAndSetChildDomain (43ms)
		EndReloadAssembly (734ms)
			LoadAssemblies (84ms)
			RebuildTransferFunctionScriptingTraits (0ms)
			SetupTypeCache (250ms)
			ReleaseScriptCaches (1ms)
			RebuildScriptCaches (42ms)
			SetupLoadedEditorAssemblies (268ms)
				LogAssemblyErrors (0ms)
				InitializePlatformSupportModulesInManaged (5ms)
				SetLoadedEditorAssemblies (0ms)
				RefreshPlugins (1ms)
				BeforeProcessingInitializeOnLoad (73ms)
				ProcessInitializeOnLoadAttributes (178ms)
				ProcessInitializeOnLoadMethodAttributes (8ms)
				AfterProcessingInitializeOnLoad (4ms)
				EditorAssembliesLoaded (0ms)
			ExecutionOrderSort2 (0ms)
			AwakeInstancesAfterBackupRestoration (5ms)
Platform modules already initialized, skipping
Script is not up to date after domain reload: guid(4b44927a0c401034091ce92350e2f8c3) path("Assets/CullingMask.cs") state(2)
Refreshing native plugins compatible for Editor in 0.56 ms, found 2 plugins.
Preloading 0 native plugins for Editor in 0.00 ms.
Unloading 1990 Unused Serialized files (Serialized files now loaded: 0)
System memory in use before: 90.2 MB.
System memory in use after: 90.4 MB.

Unloading 15 unused Assets to reduce memory usage. Loaded Objects now: 2505.
Total: 3.273400 ms (FindLiveObjects: 0.307500 ms CreateObjectMapping: 0.100700 ms MarkObjects: 2.836500 ms  DeleteObjects: 0.025900 ms)

AssetImportParameters requested are different than current active one (requested -> active):
  custom:framework-win-MediaFoundation: 216162199b28c13a410421893ffa2e32 -> 
  custom:video-decoder-ogg-theora: a1e56fd34408186e4bbccfd4996cb3dc -> 
  custom:container-muxer-webm: aa71ff27fc2769a1b78a27578f13a17b -> 
  custom:container-demuxer-webm: 4f35f7cbe854078d1ac9338744f61a02 -> 
  custom:container-demuxer-ogg: 62fdf1f143b41e24485cea50d1cbac27 -> 
  custom:video-encoder-webm-vp8: eb34c28f22e8b96e1ab97ce403110664 -> 
  custom:video-decoder-webm-vp8: 9c59270c3fd7afecdb556c50c9e8de78 -> 
  custom:audio-decoder-ogg-vorbis: bf7c407c2cedff20999df2af8eb42d56 -> 
  custom:audio-encoder-webm-vorbis: bf7c407c2cedff20999df2af8eb42d56 -> 
========================================================================
Received Prepare
Registering precompiled user dll's ...
Registered in 0.002871 seconds.
Begin MonoManager ReloadAssembly
Native extension for WindowsStandalone target not found
Native extension for WebGL target not found
Refreshing native plugins compatible for Editor in 0.52 ms, found 2 plugins.
Preloading 0 native plugins for Editor in 0.00 ms.
Mono: successfully reloaded assembly
- Completed reload, in  0.880 seconds
Domain Reload Profiling:
	ReloadAssembly (880ms)
		BeginReloadAssembly (109ms)
			ExecutionOrderSort (0ms)
			DisableScriptedObjects (4ms)
			BackupInstance (0ms)
			ReleaseScriptingObjects (0ms)
			CreateAndSetChildDomain (34ms)
		EndReloadAssembly (716ms)
			LoadAssemblies (83ms)
			RebuildTransferFunctionScriptingTraits (0ms)
			SetupTypeCache (247ms)
			ReleaseScriptCaches (1ms)
			RebuildScriptCaches (41ms)
			SetupLoadedEditorAssemblies (266ms)
				LogAssemblyErrors (0ms)
				InitializePlatformSupportModulesInManaged (5ms)
				SetLoadedEditorAssemblies (0ms)
				RefreshPlugins (1ms)
				BeforeProcessingInitializeOnLoad (76ms)
				ProcessInitializeOnLoadAttributes (173ms)
				ProcessInitializeOnLoadMethodAttributes (7ms)
				AfterProcessingInitializeOnLoad (4ms)
				EditorAssembliesLoaded (0ms)
			ExecutionOrderSort2 (0ms)
			AwakeInstancesAfterBackupRestoration (5ms)
Platform modules already initialized, skipping
Refreshing native plugins compatible for Editor in 0.48 ms, found 2 plugins.
Preloading 0 native plugins for Editor in 0.00 ms.
Unloading 1991 Unused Serialized files (Serialized files now loaded: 0)
System memory in use before: 90.3 MB.
System memory in use after: 90.4 MB.

Unloading 15 unused Assets to reduce memory usage. Loaded Objects now: 2508.
Total: 3.588200 ms (FindLiveObjects: 0.294400 ms CreateObjectMapping: 0.094100 ms MarkObjects: 3.172000 ms  DeleteObjects: 0.025800 ms)

AssetImportParameters requested are different than current active one (requested -> active):
  custom:framework-win-MediaFoundation: 216162199b28c13a410421893ffa2e32 -> 
  custom:video-decoder-ogg-theora: a1e56fd34408186e4bbccfd4996cb3dc -> 
  custom:container-muxer-webm: aa71ff27fc2769a1b78a27578f13a17b -> 
  custom:container-demuxer-webm: 4f35f7cbe854078d1ac9338744f61a02 -> 
  custom:container-demuxer-ogg: 62fdf1f143b41e24485cea50d1cbac27 -> 
  custom:video-encoder-webm-vp8: eb34c28f22e8b96e1ab97ce403110664 -> 
  custom:video-decoder-webm-vp8: 9c59270c3fd7afecdb556c50c9e8de78 -> 
  custom:audio-decoder-ogg-vorbis: bf7c407c2cedff20999df2af8eb42d56 -> 
  custom:audio-encoder-webm-vorbis: bf7c407c2cedff20999df2af8eb42d56 -> 
========================================================================
Received Prepare
Registering precompiled user dll's ...
Registered in 0.002917 seconds.
Begin MonoManager ReloadAssembly
Native extension for WindowsStandalone target not found
Native extension for WebGL target not found
Refreshing native plugins compatible for Editor in 0.53 ms, found 2 plugins.
Preloading 0 native plugins for Editor in 0.00 ms.
Mono: successfully reloaded assembly
- Completed reload, in  0.891 seconds
Domain Reload Profiling:
	ReloadAssembly (891ms)
		BeginReloadAssembly (109ms)
			ExecutionOrderSort (0ms)
			DisableScriptedObjects (3ms)
			BackupInstance (0ms)
			ReleaseScriptingObjects (0ms)
			CreateAndSetChildDomain (31ms)
		EndReloadAssembly (730ms)
			LoadAssemblies (79ms)
			RebuildTransferFunctionScriptingTraits (0ms)
			SetupTypeCache (251ms)
			ReleaseScriptCaches (1ms)
			RebuildScriptCaches (42ms)
			SetupLoadedEditorAssemblies (271ms)
				LogAssemblyErrors (0ms)
				InitializePlatformSupportModulesInManaged (5ms)
				SetLoadedEditorAssemblies (0ms)
				RefreshPlugins (1ms)
				BeforeProcessingInitializeOnLoad (79ms)
				ProcessInitializeOnLoadAttributes (174ms)
				ProcessInitializeOnLoadMethodAttributes (7ms)
				AfterProcessingInitializeOnLoad (4ms)
				EditorAssembliesLoaded (0ms)
			ExecutionOrderSort2 (0ms)
			AwakeInstancesAfterBackupRestoration (7ms)
Platform modules already initialized, skipping
Script is not up to date after domain reload: guid(7c375fc7307da214c8aa317f16dc9da7) path("Assets/PickUpObject.cs") state(2)
Refreshing native plugins compatible for Editor in 0.48 ms, found 2 plugins.
Preloading 0 native plugins for Editor in 0.00 ms.
Unloading 1992 Unused Serialized files (Serialized files now loaded: 0)
System memory in use before: 90.2 MB.
System memory in use after: 90.3 MB.

Unloading 15 unused Assets to reduce memory usage. Loaded Objects now: 2511.
Total: 3.630300 ms (FindLiveObjects: 0.226700 ms CreateObjectMapping: 0.051200 ms MarkObjects: 3.322100 ms  DeleteObjects: 0.028500 ms)

AssetImportParameters requested are different than current active one (requested -> active):
  custom:framework-win-MediaFoundation: 216162199b28c13a410421893ffa2e32 -> 
  custom:video-decoder-ogg-theora: a1e56fd34408186e4bbccfd4996cb3dc -> 
  custom:container-muxer-webm: aa71ff27fc2769a1b78a27578f13a17b -> 
  custom:container-demuxer-webm: 4f35f7cbe854078d1ac9338744f61a02 -> 
  custom:container-demuxer-ogg: 62fdf1f143b41e24485cea50d1cbac27 -> 
  custom:video-encoder-webm-vp8: eb34c28f22e8b96e1ab97ce403110664 -> 
  custom:video-decoder-webm-vp8: 9c59270c3fd7afecdb556c50c9e8de78 -> 
  custom:audio-decoder-ogg-vorbis: bf7c407c2cedff20999df2af8eb42d56 -> 
  custom:audio-encoder-webm-vorbis: bf7c407c2cedff20999df2af8eb42d56 -> 
========================================================================
Received Prepare
Registering precompiled user dll's ...
Registered in 0.002938 seconds.
Begin MonoManager ReloadAssembly
Native extension for WindowsStandalone target not found
Native extension for WebGL target not found
Refreshing native plugins compatible for Editor in 0.44 ms, found 2 plugins.
Preloading 0 native plugins for Editor in 0.00 ms.
Mono: successfully reloaded assembly
- Completed reload, in  0.874 seconds
Domain Reload Profiling:
	ReloadAssembly (875ms)
		BeginReloadAssembly (100ms)
			ExecutionOrderSort (0ms)
			DisableScriptedObjects (4ms)
			BackupInstance (0ms)
			ReleaseScriptingObjects (0ms)
			CreateAndSetChildDomain (31ms)
		EndReloadAssembly (720ms)
			LoadAssemblies (77ms)
			RebuildTransferFunctionScriptingTraits (0ms)
			SetupTypeCache (254ms)
			ReleaseScriptCaches (1ms)
			RebuildScriptCaches (42ms)
			SetupLoadedEditorAssemblies (268ms)
				LogAssemblyErrors (0ms)
				InitializePlatformSupportModulesInManaged (4ms)
				SetLoadedEditorAssemblies (0ms)
				RefreshPlugins (1ms)
				BeforeProcessingInitializeOnLoad (74ms)
				ProcessInitializeOnLoadAttributes (176ms)
				ProcessInitializeOnLoadMethodAttributes (8ms)
				AfterProcessingInitializeOnLoad (4ms)
				EditorAssembliesLoaded (0ms)
			ExecutionOrderSort2 (0ms)
			AwakeInstancesAfterBackupRestoration (5ms)
Platform modules already initialized, skipping
Script is not up to date after domain reload: guid(b21daca268d7e2247b45b77a51b24a32) path("Assets/Move.cs") state(2)
Refreshing native plugins compatible for Editor in 0.84 ms, found 2 plugins.
Preloading 0 native plugins for Editor in 0.00 ms.
Unloading 1993 Unused Serialized files (Serialized files now loaded: 0)
System memory in use before: 90.3 MB.
System memory in use after: 90.5 MB.

Unloading 15 unused Assets to reduce memory usage. Loaded Objects now: 2514.
Total: 3.736100 ms (FindLiveObjects: 0.326200 ms CreateObjectMapping: 0.052500 ms MarkObjects: 3.330900 ms  DeleteObjects: 0.023500 ms)

AssetImportParameters requested are different than current active one (requested -> active):
  custom:framework-win-MediaFoundation: 216162199b28c13a410421893ffa2e32 -> 
  custom:video-decoder-ogg-theora: a1e56fd34408186e4bbccfd4996cb3dc -> 
  custom:container-muxer-webm: aa71ff27fc2769a1b78a27578f13a17b -> 
  custom:container-demuxer-webm: 4f35f7cbe854078d1ac9338744f61a02 -> 
  custom:container-demuxer-ogg: 62fdf1f143b41e24485cea50d1cbac27 -> 
  custom:video-encoder-webm-vp8: eb34c28f22e8b96e1ab97ce403110664 -> 
  custom:video-decoder-webm-vp8: 9c59270c3fd7afecdb556c50c9e8de78 -> 
  custom:audio-decoder-ogg-vorbis: bf7c407c2cedff20999df2af8eb42d56 -> 
  custom:audio-encoder-webm-vorbis: bf7c407c2cedff20999df2af8eb42d56 -> 
========================================================================
Received Prepare
Registering precompiled user dll's ...
Registered in 0.002862 seconds.
Begin MonoManager ReloadAssembly
Native extension for WindowsStandalone target not found
Native extension for WebGL target not found
Refreshing native plugins compatible for Editor in 0.46 ms, found 2 plugins.
Preloading 0 native plugins for Editor in 0.00 ms.
Mono: successfully reloaded assembly
- Completed reload, in  0.895 seconds
Domain Reload Profiling:
	ReloadAssembly (896ms)
		BeginReloadAssembly (108ms)
			ExecutionOrderSort (0ms)
			DisableScriptedObjects (4ms)
			BackupInstance (0ms)
			ReleaseScriptingObjects (0ms)
			CreateAndSetChildDomain (34ms)
		EndReloadAssembly (729ms)
			LoadAssemblies (83ms)
			RebuildTransferFunctionScriptingTraits (0ms)
			SetupTypeCache (259ms)
			ReleaseScriptCaches (1ms)
			RebuildScriptCaches (42ms)
			SetupLoadedEditorAssemblies (268ms)
				LogAssemblyErrors (0ms)
				InitializePlatformSupportModulesInManaged (5ms)
				SetLoadedEditorAssemblies (0ms)
				RefreshPlugins (1ms)
				BeforeProcessingInitializeOnLoad (71ms)
				ProcessInitializeOnLoadAttributes (179ms)
				ProcessInitializeOnLoadMethodAttributes (7ms)
				AfterProcessingInitializeOnLoad (4ms)
				EditorAssembliesLoaded (0ms)
			ExecutionOrderSort2 (0ms)
			AwakeInstancesAfterBackupRestoration (7ms)
Platform modules already initialized, skipping
Refreshing native plugins compatible for Editor in 0.54 ms, found 2 plugins.
Preloading 0 native plugins for Editor in 0.00 ms.
Unloading 1994 Unused Serialized files (Serialized files now loaded: 0)
System memory in use before: 90.4 MB.
System memory in use after: 90.5 MB.

Unloading 15 unused Assets to reduce memory usage. Loaded Objects now: 2517.
Total: 3.271400 ms (FindLiveObjects: 0.330600 ms CreateObjectMapping: 0.123700 ms MarkObjects: 2.793100 ms  DeleteObjects: 0.021500 ms)

AssetImportParameters requested are different than current active one (requested -> active):
  custom:framework-win-MediaFoundation: 216162199b28c13a410421893ffa2e32 -> 
  custom:video-decoder-ogg-theora: a1e56fd34408186e4bbccfd4996cb3dc -> 
  custom:container-muxer-webm: aa71ff27fc2769a1b78a27578f13a17b -> 
  custom:container-demuxer-webm: 4f35f7cbe854078d1ac9338744f61a02 -> 
  custom:container-demuxer-ogg: 62fdf1f143b41e24485cea50d1cbac27 -> 
  custom:video-encoder-webm-vp8: eb34c28f22e8b96e1ab97ce403110664 -> 
  custom:video-decoder-webm-vp8: 9c59270c3fd7afecdb556c50c9e8de78 -> 
  custom:audio-decoder-ogg-vorbis: bf7c407c2cedff20999df2af8eb42d56 -> 
  custom:audio-encoder-webm-vorbis: bf7c407c2cedff20999df2af8eb42d56 -> 
========================================================================
Received Import Request.
  Time since last request: 40.498484 seconds.
  path: Assets/DestroyOnFloor.cs
  artifactKey: Guid(5676fbc5363a2d34d81abc7a2b4106e0) Importer(815301076,1909f56bfc062723c751e8b465ee728b)
Start importing Assets/DestroyOnFloor.cs using Guid(5676fbc5363a2d34d81abc7a2b4106e0) Importer(815301076,1909f56bfc062723c751e8b465ee728b)  -> (artifact id: 'cfbc28431ee4441709e142e1190f4633') in 0.012682 seconds 
  Import took 0.016459 seconds .

========================================================================
Received Import Request.
  Time since last request: 0.714503 seconds.
  path: Assets/Move.cs
  artifactKey: Guid(b21daca268d7e2247b45b77a51b24a32) Importer(815301076,1909f56bfc062723c751e8b465ee728b)
Start importing Assets/Move.cs using Guid(b21daca268d7e2247b45b77a51b24a32) Importer(815301076,1909f56bfc062723c751e8b465ee728b)  -> (artifact id: '2b2c33d3ea8ac807abc12e924c29cc2e') in 0.008255 seconds 
  Import took 0.012190 seconds .

========================================================================
Received Prepare
Registering precompiled user dll's ...
Registered in 0.003136 seconds.
Begin MonoManager ReloadAssembly
Native extension for WindowsStandalone target not found
Native extension for WebGL target not found
Refreshing native plugins compatible for Editor in 0.44 ms, found 2 plugins.
Preloading 0 native plugins for Editor in 0.00 ms.
Mono: successfully reloaded assembly
- Completed reload, in  0.862 seconds
Domain Reload Profiling:
	ReloadAssembly (863ms)
		BeginReloadAssembly (101ms)
			ExecutionOrderSort (0ms)
			DisableScriptedObjects (4ms)
			BackupInstance (0ms)
			ReleaseScriptingObjects (0ms)
			CreateAndSetChildDomain (31ms)
		EndReloadAssembly (706ms)
			LoadAssemblies (78ms)
			RebuildTransferFunctionScriptingTraits (0ms)
			SetupTypeCache (249ms)
			ReleaseScriptCaches (1ms)
			RebuildScriptCaches (42ms)
			SetupLoadedEditorAssemblies (258ms)
				LogAssemblyErrors (0ms)
				InitializePlatformSupportModulesInManaged (5ms)
				SetLoadedEditorAssemblies (0ms)
				RefreshPlugins (1ms)
				BeforeProcessingInitializeOnLoad (71ms)
				ProcessInitializeOnLoadAttributes (171ms)
				ProcessInitializeOnLoadMethodAttributes (7ms)
				AfterProcessingInitializeOnLoad (4ms)
				EditorAssembliesLoaded (0ms)
			ExecutionOrderSort2 (0ms)
			AwakeInstancesAfterBackupRestoration (5ms)
Platform modules already initialized, skipping
Refreshing native plugins compatible for Editor in 1.13 ms, found 2 plugins.
Preloading 0 native plugins for Editor in 0.00 ms.
Unloading 1993 Unused Serialized files (Serialized files now loaded: 0)
System memory in use before: 90.3 MB.
System memory in use after: 90.5 MB.

Unloading 15 unused Assets to reduce memory usage. Loaded Objects now: 2519.
Total: 4.025600 ms (FindLiveObjects: 0.295300 ms CreateObjectMapping: 0.117900 ms MarkObjects: 3.589600 ms  DeleteObjects: 0.020400 ms)

AssetImportParameters requested are different than current active one (requested -> active):
  custom:framework-win-MediaFoundation: 216162199b28c13a410421893ffa2e32 -> 
  custom:video-decoder-ogg-theora: a1e56fd34408186e4bbccfd4996cb3dc -> 
  custom:container-muxer-webm: aa71ff27fc2769a1b78a27578f13a17b -> 
  custom:container-demuxer-webm: 4f35f7cbe854078d1ac9338744f61a02 -> 
  custom:container-demuxer-ogg: 62fdf1f143b41e24485cea50d1cbac27 -> 
  custom:video-encoder-webm-vp8: eb34c28f22e8b96e1ab97ce403110664 -> 
  custom:video-decoder-webm-vp8: 9c59270c3fd7afecdb556c50c9e8de78 -> 
  custom:audio-decoder-ogg-vorbis: bf7c407c2cedff20999df2af8eb42d56 -> 
  custom:audio-encoder-webm-vorbis: bf7c407c2cedff20999df2af8eb42d56 -> 
========================================================================
Received Import Request.
  Time since last request: 17.335175 seconds.
  path: Assets/Player (1).prefab
  artifactKey: Guid(9bb79bc05b236264b9906d8a10b54a73) Importer(815301076,1909f56bfc062723c751e8b465ee728b)
Start importing Assets/Player (1).prefab using Guid(9bb79bc05b236264b9906d8a10b54a73) Importer(815301076,1909f56bfc062723c751e8b465ee728b)  -> (artifact id: 'fea5dea1e4f2d89988b4ff9c405e56d8') in 0.076482 seconds 
  Import took 0.080113 seconds .

========================================================================
Received Import Request.
  Time since last request: 11.922791 seconds.
  path: Assets/Player (1).prefab
  artifactKey: Guid(9bb79bc05b236264b9906d8a10b54a73) Importer(815301076,1909f56bfc062723c751e8b465ee728b)
Start importing Assets/Player (1).prefab using Guid(9bb79bc05b236264b9906d8a10b54a73) Importer(815301076,1909f56bfc062723c751e8b465ee728b)  -> (artifact id: '6f9f4ee8b51c0eb55bfdd00076f09a44') in 0.012603 seconds 
  Import took 0.016902 seconds .

========================================================================
Received Import Request.
  Time since last request: 24.841330 seconds.
  path: Assets/Player (1).prefab
  artifactKey: Guid(9bb79bc05b236264b9906d8a10b54a73) Importer(815301076,1909f56bfc062723c751e8b465ee728b)
Start importing Assets/Player (1).prefab using Guid(9bb79bc05b236264b9906d8a10b54a73) Importer(815301076,1909f56bfc062723c751e8b465ee728b)  -> (artifact id: '8a603077190efda030d3edeacc41cf12') in 0.013446 seconds 
  Import took 0.018264 seconds .

========================================================================
Received Import Request.
  Time since last request: 3.650043 seconds.
  path: Assets/Player (1).prefab
  artifactKey: Guid(9bb79bc05b236264b9906d8a10b54a73) Importer(815301076,1909f56bfc062723c751e8b465ee728b)
Start importing Assets/Player (1).prefab using Guid(9bb79bc05b236264b9906d8a10b54a73) Importer(815301076,1909f56bfc062723c751e8b465ee728b)  -> (artifact id: '128709d6f076f8a55fcee149432ae0d7') in 0.016922 seconds 
  Import took 0.021867 seconds .

========================================================================
Received Import Request.
  Time since last request: 13.161069 seconds.
  path: Assets/Spawner Activator.prefab
  artifactKey: Guid(69cc6417d18aab7428c7f1986a5002fd) Importer(815301076,1909f56bfc062723c751e8b465ee728b)
Start importing Assets/Spawner Activator.prefab using Guid(69cc6417d18aab7428c7f1986a5002fd) Importer(815301076,1909f56bfc062723c751e8b465ee728b)  -> (artifact id: 'db706521b38fd81f9ff39ad0b81f6c12') in 0.014792 seconds 
  Import took 0.019365 seconds .

========================================================================
Received Import Request.
  Time since last request: 12.365952 seconds.
  path: Assets/CullingMask.cs
  artifactKey: Guid(4b44927a0c401034091ce92350e2f8c3) Importer(815301076,1909f56bfc062723c751e8b465ee728b)
Start importing Assets/CullingMask.cs using Guid(4b44927a0c401034091ce92350e2f8c3) Importer(815301076,1909f56bfc062723c751e8b465ee728b)  -> (artifact id: '9adbc325d7d87457c9cace447c434aab') in 0.007461 seconds 
  Import took 0.010960 seconds .

========================================================================
Received Prepare
Registering precompiled user dll's ...
Registered in 0.003002 seconds.
Begin MonoManager ReloadAssembly
Native extension for WindowsStandalone target not found
Native extension for WebGL target not found
Refreshing native plugins compatible for Editor in 0.46 ms, found 2 plugins.
Preloading 0 native plugins for Editor in 0.00 ms.
Mono: successfully reloaded assembly
- Completed reload, in  0.890 seconds
Domain Reload Profiling:
	ReloadAssembly (891ms)
		BeginReloadAssembly (113ms)
			ExecutionOrderSort (0ms)
			DisableScriptedObjects (3ms)
			BackupInstance (0ms)
			ReleaseScriptingObjects (0ms)
			CreateAndSetChildDomain (34ms)
		EndReloadAssembly (718ms)
			LoadAssemblies (77ms)
			RebuildTransferFunctionScriptingTraits (0ms)
			SetupTypeCache (253ms)
			ReleaseScriptCaches (1ms)
			RebuildScriptCaches (41ms)
			SetupLoadedEditorAssemblies (265ms)
				LogAssemblyErrors (0ms)
				InitializePlatformSupportModulesInManaged (5ms)
				SetLoadedEditorAssemblies (0ms)
				RefreshPlugins (1ms)
				BeforeProcessingInitializeOnLoad (71ms)
				ProcessInitializeOnLoadAttributes (177ms)
				ProcessInitializeOnLoadMethodAttributes (7ms)
				AfterProcessingInitializeOnLoad (4ms)
				EditorAssembliesLoaded (0ms)
			ExecutionOrderSort2 (0ms)
			AwakeInstancesAfterBackupRestoration (5ms)
Platform modules already initialized, skipping
Refreshing native plugins compatible for Editor in 0.46 ms, found 2 plugins.
Preloading 0 native plugins for Editor in 0.00 ms.
Unloading 1993 Unused Serialized files (Serialized files now loaded: 0)
System memory in use before: 90.4 MB.
System memory in use after: 90.5 MB.

Unloading 16 unused Assets to reduce memory usage. Loaded Objects now: 2523.
Total: 3.560800 ms (FindLiveObjects: 0.339400 ms CreateObjectMapping: 0.098300 ms MarkObjects: 3.095700 ms  DeleteObjects: 0.024300 ms)

AssetImportParameters requested are different than current active one (requested -> active):
  custom:framework-win-MediaFoundation: 216162199b28c13a410421893ffa2e32 -> 
  custom:video-decoder-ogg-theora: a1e56fd34408186e4bbccfd4996cb3dc -> 
  custom:container-muxer-webm: aa71ff27fc2769a1b78a27578f13a17b -> 
  custom:container-demuxer-webm: 4f35f7cbe854078d1ac9338744f61a02 -> 
  custom:container-demuxer-ogg: 62fdf1f143b41e24485cea50d1cbac27 -> 
  custom:video-encoder-webm-vp8: eb34c28f22e8b96e1ab97ce403110664 -> 
  custom:video-decoder-webm-vp8: 9c59270c3fd7afecdb556c50c9e8de78 -> 
  custom:audio-decoder-ogg-vorbis: bf7c407c2cedff20999df2af8eb42d56 -> 
  custom:audio-encoder-webm-vorbis: bf7c407c2cedff20999df2af8eb42d56 -> 
========================================================================
Received Import Request.
  Time since last request: 15.359468 seconds.
  path: Assets/PickUpObject.cs
  artifactKey: Guid(7c375fc7307da214c8aa317f16dc9da7) Importer(815301076,1909f56bfc062723c751e8b465ee728b)
Start importing Assets/PickUpObject.cs using Guid(7c375fc7307da214c8aa317f16dc9da7) Importer(815301076,1909f56bfc062723c751e8b465ee728b)  -> (artifact id: '27d05c5275f18fd863fe1f1955a39d59') in 0.010410 seconds 
  Import took 0.014424 seconds .

========================================================================
Received Prepare
Registering precompiled user dll's ...
Registered in 0.004023 seconds.
Begin MonoManager ReloadAssembly
Native extension for WindowsStandalone target not found
Native extension for WebGL target not found
Refreshing native plugins compatible for Editor in 0.44 ms, found 2 plugins.
Preloading 0 native plugins for Editor in 0.00 ms.
Mono: successfully reloaded assembly
- Completed reload, in  0.891 seconds
Domain Reload Profiling:
	ReloadAssembly (891ms)
		BeginReloadAssembly (107ms)
			ExecutionOrderSort (0ms)
			DisableScriptedObjects (3ms)
			BackupInstance (0ms)
			ReleaseScriptingObjects (0ms)
			CreateAndSetChildDomain (36ms)
		EndReloadAssembly (723ms)
			LoadAssemblies (75ms)
			RebuildTransferFunctionScriptingTraits (0ms)
			SetupTypeCache (250ms)
			ReleaseScriptCaches (1ms)
			RebuildScriptCaches (41ms)
			SetupLoadedEditorAssemblies (274ms)
				LogAssemblyErrors (0ms)
				InitializePlatformSupportModulesInManaged (5ms)
				SetLoadedEditorAssemblies (0ms)
				RefreshPlugins (1ms)
				BeforeProcessingInitializeOnLoad (82ms)
				ProcessInitializeOnLoadAttributes (175ms)
				ProcessInitializeOnLoadMethodAttributes (7ms)
				AfterProcessingInitializeOnLoad (4ms)
				EditorAssembliesLoaded (0ms)
			ExecutionOrderSort2 (0ms)
			AwakeInstancesAfterBackupRestoration (6ms)
Platform modules already initialized, skipping
Refreshing native plugins compatible for Editor in 0.46 ms, found 2 plugins.
Preloading 0 native plugins for Editor in 0.00 ms.
Unloading 1993 Unused Serialized files (Serialized files now loaded: 0)
System memory in use before: 90.3 MB.
System memory in use after: 90.4 MB.

Unloading 15 unused Assets to reduce memory usage. Loaded Objects now: 2525.
Total: 3.676100 ms (FindLiveObjects: 0.213800 ms CreateObjectMapping: 0.050400 ms MarkObjects: 3.387600 ms  DeleteObjects: 0.022800 ms)

AssetImportParameters requested are different than current active one (requested -> active):
  custom:framework-win-MediaFoundation: 216162199b28c13a410421893ffa2e32 -> 
  custom:video-decoder-ogg-theora: a1e56fd34408186e4bbccfd4996cb3dc -> 
  custom:container-muxer-webm: aa71ff27fc2769a1b78a27578f13a17b -> 
  custom:container-demuxer-webm: 4f35f7cbe854078d1ac9338744f61a02 -> 
  custom:container-demuxer-ogg: 62fdf1f143b41e24485cea50d1cbac27 -> 
  custom:video-encoder-webm-vp8: eb34c28f22e8b96e1ab97ce403110664 -> 
  custom:video-decoder-webm-vp8: 9c59270c3fd7afecdb556c50c9e8de78 -> 
  custom:audio-decoder-ogg-vorbis: bf7c407c2cedff20999df2af8eb42d56 -> 
  custom:audio-encoder-webm-vorbis: bf7c407c2cedff20999df2af8eb42d56 -> 
========================================================================
Received Import Request.
  Time since last request: 25.001574 seconds.
  path: Assets/Scripts/Food Spawn & Delete
  artifactKey: Guid(5fc657938506ba145afc428debb9eee0) Importer(815301076,1909f56bfc062723c751e8b465ee728b)
Start importing Assets/Scripts/Food Spawn & Delete using Guid(5fc657938506ba145afc428debb9eee0) Importer(815301076,1909f56bfc062723c751e8b465ee728b)  -> (artifact id: '5afb9c74e383d4b789d0d6dc81049d2c') in 0.013319 seconds 
  Import took 0.018762 seconds .

========================================================================
Received Prepare
Registering precompiled user dll's ...
Registered in 0.002946 seconds.
Begin MonoManager ReloadAssembly
Native extension for WindowsStandalone target not found
Native extension for WebGL target not found
Refreshing native plugins compatible for Editor in 0.44 ms, found 2 plugins.
Preloading 0 native plugins for Editor in 0.00 ms.
Mono: successfully reloaded assembly
- Completed reload, in  0.888 seconds
Domain Reload Profiling:
	ReloadAssembly (889ms)
		BeginReloadAssembly (104ms)
			ExecutionOrderSort (0ms)
			DisableScriptedObjects (3ms)
			BackupInstance (0ms)
			ReleaseScriptingObjects (0ms)
			CreateAndSetChildDomain (32ms)
		EndReloadAssembly (726ms)
			LoadAssemblies (79ms)
			RebuildTransferFunctionScriptingTraits (0ms)
			SetupTypeCache (254ms)
			ReleaseScriptCaches (1ms)
			RebuildScriptCaches (42ms)
			SetupLoadedEditorAssemblies (272ms)
				LogAssemblyErrors (0ms)
				InitializePlatformSupportModulesInManaged (5ms)
				SetLoadedEditorAssemblies (0ms)
				RefreshPlugins (1ms)
				BeforeProcessingInitializeOnLoad (82ms)
				ProcessInitializeOnLoadAttributes (172ms)
				ProcessInitializeOnLoadMethodAttributes (7ms)
				AfterProcessingInitializeOnLoad (4ms)
				EditorAssembliesLoaded (0ms)
			ExecutionOrderSort2 (0ms)
			AwakeInstancesAfterBackupRestoration (5ms)
Platform modules already initialized, skipping
Refreshing native plugins compatible for Editor in 0.45 ms, found 2 plugins.
Preloading 0 native plugins for Editor in 0.00 ms.
Unloading 1993 Unused Serialized files (Serialized files now loaded: 0)
System memory in use before: 90.4 MB.
System memory in use after: 90.5 MB.

Unloading 15 unused Assets to reduce memory usage. Loaded Objects now: 2527.
Total: 3.332200 ms (FindLiveObjects: 0.251300 ms CreateObjectMapping: 0.091400 ms MarkObjects: 2.967100 ms  DeleteObjects: 0.020600 ms)

AssetImportParameters requested are different than current active one (requested -> active):
  custom:framework-win-MediaFoundation: 216162199b28c13a410421893ffa2e32 -> 
  custom:video-decoder-ogg-theora: a1e56fd34408186e4bbccfd4996cb3dc -> 
  custom:container-muxer-webm: aa71ff27fc2769a1b78a27578f13a17b -> 
  custom:container-demuxer-webm: 4f35f7cbe854078d1ac9338744f61a02 -> 
  custom:container-demuxer-ogg: 62fdf1f143b41e24485cea50d1cbac27 -> 
  custom:video-encoder-webm-vp8: eb34c28f22e8b96e1ab97ce403110664 -> 
  custom:video-decoder-webm-vp8: 9c59270c3fd7afecdb556c50c9e8de78 -> 
  custom:audio-decoder-ogg-vorbis: bf7c407c2cedff20999df2af8eb42d56 -> 
  custom:audio-encoder-webm-vorbis: bf7c407c2cedff20999df2af8eb42d56 -> 
========================================================================
Received Import Request.
  Time since last request: 13.149908 seconds.
  path: Assets/Scripts/Camera
  artifactKey: Guid(96afb804988e76e4186ed6305fd91406) Importer(815301076,1909f56bfc062723c751e8b465ee728b)
Start importing Assets/Scripts/Camera using Guid(96afb804988e76e4186ed6305fd91406) Importer(815301076,1909f56bfc062723c751e8b465ee728b)  -> (artifact id: 'c573a7017f6c2f82416d73d41a1cdc6d') in 0.013195 seconds 
  Import took 0.016675 seconds .

========================================================================
Received Prepare
Registering precompiled user dll's ...
Registered in 0.002929 seconds.
Begin MonoManager ReloadAssembly
Native extension for WindowsStandalone target not found
Native extension for WebGL target not found
Refreshing native plugins compatible for Editor in 0.48 ms, found 2 plugins.
Preloading 0 native plugins for Editor in 0.00 ms.
Mono: successfully reloaded assembly
- Completed reload, in  0.901 seconds
Domain Reload Profiling:
	ReloadAssembly (902ms)
		BeginReloadAssembly (113ms)
			ExecutionOrderSort (0ms)
			DisableScriptedObjects (4ms)
			BackupInstance (0ms)
			ReleaseScriptingObjects (0ms)
			CreateAndSetChildDomain (32ms)
		EndReloadAssembly (735ms)
			LoadAssemblies (74ms)
			RebuildTransferFunctionScriptingTraits (0ms)
			SetupTypeCache (246ms)
			ReleaseScriptCaches (2ms)
			RebuildScriptCaches (45ms)
			SetupLoadedEditorAssemblies (285ms)
				LogAssemblyErrors (0ms)
				InitializePlatformSupportModulesInManaged (5ms)
				SetLoadedEditorAssemblies (0ms)
				RefreshPlugins (1ms)
				BeforeProcessingInitializeOnLoad (85ms)
				ProcessInitializeOnLoadAttributes (182ms)
				ProcessInitializeOnLoadMethodAttributes (8ms)
				AfterProcessingInitializeOnLoad (4ms)
				EditorAssembliesLoaded (0ms)
			ExecutionOrderSort2 (0ms)
			AwakeInstancesAfterBackupRestoration (6ms)
Platform modules already initialized, skipping
Refreshing native plugins compatible for Editor in 0.56 ms, found 2 plugins.
Preloading 0 native plugins for Editor in 0.00 ms.
Unloading 1993 Unused Serialized files (Serialized files now loaded: 0)
System memory in use before: 90.4 MB.
System memory in use after: 90.5 MB.

Unloading 15 unused Assets to reduce memory usage. Loaded Objects now: 2529.
Total: 3.602400 ms (FindLiveObjects: 0.261300 ms CreateObjectMapping: 0.052900 ms MarkObjects: 3.266900 ms  DeleteObjects: 0.019700 ms)

AssetImportParameters requested are different than current active one (requested -> active):
  custom:framework-win-MediaFoundation: 216162199b28c13a410421893ffa2e32 -> 
  custom:video-decoder-ogg-theora: a1e56fd34408186e4bbccfd4996cb3dc -> 
  custom:container-muxer-webm: aa71ff27fc2769a1b78a27578f13a17b -> 
  custom:container-demuxer-webm: 4f35f7cbe854078d1ac9338744f61a02 -> 
  custom:container-demuxer-ogg: 62fdf1f143b41e24485cea50d1cbac27 -> 
  custom:video-encoder-webm-vp8: eb34c28f22e8b96e1ab97ce403110664 -> 
  custom:video-decoder-webm-vp8: 9c59270c3fd7afecdb556c50c9e8de78 -> 
  custom:audio-decoder-ogg-vorbis: bf7c407c2cedff20999df2af8eb42d56 -> 
  custom:audio-encoder-webm-vorbis: bf7c407c2cedff20999df2af8eb42d56 -> 
AssetImportWorkerClient::OnTransportError - code=2 error=End of file
